<?xml version="1.0" encoding="UTF-8"?>
<testng-results skipped="0" failed="0" ignored="0" total="1" passed="1">
  <reporter-output>
  </reporter-output>
  <suite name="Default suite" duration-ms="51281" started-at="2024-05-25T22:29:24Z" finished-at="2024-05-25T22:30:15Z">
    <groups>
      <group name="cucumber">
        <method signature="AbstractTestNGCucumberTests.runScenario(io.cucumber.testng.PickleWrapper, io.cucumber.testng.FeatureWrapper)[pri:0, instance:Cucumber.TestNGTestRunner@6d7b4f4c]" name="runScenario" class="io.cucumber.testng.AbstractTestNGCucumberTests"/>
      </group> <!-- cucumber -->
    </groups>
    <test name="Default test" duration-ms="51281" started-at="2024-05-25T22:29:24Z" finished-at="2024-05-25T22:30:15Z">
      <class name="Cucumber.TestNGTestRunner">
        <test-method status="PASS" signature="setUpClass(org.testng.ITestContext)[pri:0, instance:Cucumber.TestNGTestRunner@6d7b4f4c]" name="setUpClass" is-config="true" duration-ms="1259" started-at="2024-05-25T18:29:24Z" finished-at="2024-05-25T18:29:25Z">
          <params>
            <param index="0">
              <value>
                <![CDATA[org.testng.TestRunner@1a5f7e7c]]>
              </value>
            </param>
          </params>
          <reporter-output>
          </reporter-output>
        </test-method> <!-- setUpClass -->
        <test-method status="PASS" signature="runScenario(io.cucumber.testng.PickleWrapper, io.cucumber.testng.FeatureWrapper)[pri:0, instance:Cucumber.TestNGTestRunner@6d7b4f4c]" name="runScenario" duration-ms="47418" started-at="2024-05-25T18:29:25Z" description="Runs Cucumber Scenarios" data-provider="scenarios" finished-at="2024-05-25T18:30:13Z">
          <params>
            <param index="0">
              <value>
                <![CDATA["Login to a given Website"]]>
              </value>
            </param>
            <param index="1">
              <value>
                <![CDATA["Login to Website"]]>
              </value>
            </param>
          </params>
          <reporter-output>
          </reporter-output>
        </test-method> <!-- runScenario -->
        <test-method status="PASS" signature="tearDownClass()[pri:0, instance:Cucumber.TestNGTestRunner@6d7b4f4c]" name="tearDownClass" is-config="true" duration-ms="2551" started-at="2024-05-25T18:30:13Z" finished-at="2024-05-25T18:30:15Z">
          <reporter-output>
          </reporter-output>
        </test-method> <!-- tearDownClass -->
      </class> <!-- Cucumber.TestNGTestRunner -->
    </test> <!-- Default test -->
  </suite> <!-- Default suite -->
</testng-results>
